0 info it worked if it ends with ok
1 verbose cli [ '/home/ant/.nvm/versions/v5.5.0/bin/node',
1 verbose cli   '/home/ant/.nvm/versions/v5.5.0/bin/npm',
1 verbose cli   'run',
1 verbose cli   'watch' ]
2 info using npm@3.3.12
3 info using node@v5.5.0
4 verbose run-script [ 'prewatch', 'watch', 'postwatch' ]
5 info lifecycle sales-dash@1.0.0~prewatch: sales-dash@1.0.0
6 silly lifecycle sales-dash@1.0.0~prewatch: no script for prewatch, continuing
7 info lifecycle sales-dash@1.0.0~watch: sales-dash@1.0.0
8 verbose lifecycle sales-dash@1.0.0~watch: unsafe-perm in lifecycle true
9 verbose lifecycle sales-dash@1.0.0~watch: PATH: /home/ant/.nvm/versions/v5.5.0/lib/node_modules/npm/bin/node-gyp-bin:/home/ant/Projects/sales-dash/node_modules/.bin:/home/ant/.nvm/versions/v5.5.0/bin:/usr/local/heroku/bin:/home/ant/.gvm/vertx/current/bin:/home/ant/.gvm/springboot/current/bin:/home/ant/.gvm/lazybones/current/bin:/home/ant/.gvm/jbake/current/bin:/home/ant/.gvm/groovyserv/current/bin:/home/ant/.gvm/groovy/current/bin:/home/ant/.gvm/griffon/current/bin:/home/ant/.gvm/grails/current/bin:/home/ant/.gvm/gradle/current/bin:/home/ant/.gvm/glide/current/bin:/home/ant/.gvm/gaiden/current/bin:/home/ant/.gvm/crash/current/bin:/home/ant/.gvm/asciidoctorj/current/bin:/usr/local/sbin:/usr/local/bin:/usr/sbin:/usr/bin:/sbin:/bin:/usr/games:/usr/local/games
10 verbose lifecycle sales-dash@1.0.0~watch: CWD: /home/ant/Projects/sales-dash
11 silly lifecycle sales-dash@1.0.0~watch: Args: [ '-c', 'gulp watch' ]
12 silly lifecycle sales-dash@1.0.0~watch: Returned: code: 1  signal: null
13 info lifecycle sales-dash@1.0.0~watch: Failed to exec watch script
14 verbose stack Error: sales-dash@1.0.0 watch: `gulp watch`
14 verbose stack Exit status 1
14 verbose stack     at EventEmitter.<anonymous> (/home/ant/.nvm/versions/v5.5.0/lib/node_modules/npm/lib/utils/lifecycle.js:232:16)
14 verbose stack     at emitTwo (events.js:100:13)
14 verbose stack     at EventEmitter.emit (events.js:185:7)
14 verbose stack     at ChildProcess.<anonymous> (/home/ant/.nvm/versions/v5.5.0/lib/node_modules/npm/lib/utils/spawn.js:24:14)
14 verbose stack     at emitTwo (events.js:100:13)
14 verbose stack     at ChildProcess.emit (events.js:185:7)
14 verbose stack     at maybeClose (internal/child_process.js:821:16)
14 verbose stack     at Process.ChildProcess._handle.onexit (internal/child_process.js:211:5)
15 verbose pkgid sales-dash@1.0.0
16 verbose cwd /home/ant/Projects/sales-dash
17 error Linux 3.16.0-31-generic
18 error argv "/home/ant/.nvm/versions/v5.5.0/bin/node" "/home/ant/.nvm/versions/v5.5.0/bin/npm" "run" "watch"
19 error node v5.5.0
20 error npm  v3.3.12
21 error code ELIFECYCLE
22 error sales-dash@1.0.0 watch: `gulp watch`
22 error Exit status 1
23 error Failed at the sales-dash@1.0.0 watch script 'gulp watch'.
23 error Make sure you have the latest version of node.js and npm installed.
23 error If you do, this is most likely a problem with the sales-dash package,
23 error not with npm itself.
23 error Tell the author that this fails on your system:
23 error     gulp watch
23 error You can get their info via:
23 error     npm owner ls sales-dash
23 error There is likely additional logging output above.
24 verbose exit [ 1, true ]
